::1 - GET / HTTP/1.1 200 2 - 3.078 ms
::1 - GET / HTTP/1.1 304 - - 0.637 ms
::1 - GET / HTTP/1.1 200 5680 - 10.359 ms
::1 - GET /post/all HTTP/1.1 200 - - 10.254 ms
::1 - GET /user/login HTTP/1.1 304 - - 6.932 ms
::1 - GET /user/register HTTP/1.1 304 - - 6.939 ms
::1 - GET /user/register HTTP/1.1 304 - - 8.002 ms
::1 - GET /user/register HTTP/1.1 304 - - 14.537 ms
::1 - GET /user/register HTTP/1.1 200 5127 - 11.788 ms
::1 - GET /user/login HTTP/1.1 200 4237 - 7.680 ms
::1 - GET / HTTP/1.1 500 21 - 13.710 ms
::1 - GET / HTTP/1.1 200 5680 - 11.946 ms
::1 - GET /post/all HTTP/1.1 200 - - 8.199 ms
::1 - GET /user/login HTTP/1.1 304 - - 6.750 ms
::1 - GET /user/register HTTP/1.1 304 - - 1.689 ms
::1 - GET /user/register HTTP/1.1 304 - - 13.673 ms
::1 - GET /user/register HTTP/1.1 304 - - 7.553 ms
::1 - GET / HTTP/1.1 500 21 - 4.520 ms
::1 - GET / HTTP/1.1 500 21 - 8.882 ms
::1 - GET / HTTP/1.1 404 2767 - 14.558 ms
::1 - GET / HTTP/1.1 404 2767 - 9.587 ms
::1 - GET / HTTP/1.1 404 2767 - 4.723 ms
::1 - GET / HTTP/1.1 200 5680 - 12.803 ms
::1 - GET /post/all HTTP/1.1 200 - - 9.924 ms
::1 - GET / HTTP/1.1 304 - - 11.504 ms
::1 - GET /post/all HTTP/1.1 200 - - 8.633 ms
::1 - GET /user/login HTTP/1.1 304 - - 5.740 ms
::1 - GET /user/register HTTP/1.1 304 - - 7.958 ms
::1 - GET / HTTP/1.1 304 - - 4.518 ms
::1 - GET /post/all HTTP/1.1 200 - - 3.107 ms
::1 - GET / HTTP/1.1 304 - - 17.738 ms
::1 - GET /post/all HTTP/1.1 200 - - 8.630 ms
::1 - GET /user/login HTTP/1.1 304 - - 6.632 ms
::1 - GET /user/register HTTP/1.1 304 - - 11.179 ms
::1 - GET / HTTP/1.1 304 - - 8.510 ms
::1 - GET /post/all HTTP/1.1 200 - - 2.903 ms
::1 - GET /user/login HTTP/1.1 304 - - 8.838 ms
::1 - GET /user/register HTTP/1.1 304 - - 2.890 ms
::1 - GET /user/register HTTP/1.1 304 - - 17.742 ms
::1 - GET / HTTP/1.1 304 - - 3.377 ms
::1 - GET /post/all HTTP/1.1 200 - - 18.140 ms
